<?xml version="1.0" encoding="UTF-8"?>
<!-- Generated by org.testng.reporters.JUnitReportReporter -->
<testsuite skipped="0" hostname="DESKTOP-06FUSQ3" name="org.zia.selenium.ddt.BankLoginExcel" tests="3" failures="0" timestamp="01 Dec 2018 18:08:43 GMT" time="84.426" errors="0">
  <testcase name="loginToBank" time="49.116" classname="org.zia.selenium.ddt.BankLoginExcel"/>
  <testcase name="loginToBank" time="13.466" classname="org.zia.selenium.ddt.BankLoginExcel"/>
  <testcase name="loginToBank" time="21.844" classname="org.zia.selenium.ddt.BankLoginExcel"/>
</testsuite> <!-- org.zia.selenium.ddt.BankLoginExcel -->
